<?xml version="1.0" encoding="UTF-8"?>
<!-- Generated by org.testng.reporters.JUnitReportReporter -->
<testsuite hostname="Lenovo" failures="0" tests="1" name="com.runner.RunnerFile" time="26.757" errors="0" timestamp="17 Nov 2022 10:51:52 GMT" skipped="0">
  <testcase classname="com.runner.RunnerFile" name="browser" time="26.757"/>
</testsuite> <!-- com.runner.RunnerFile -->
